[debug] [2020-10-18T00:18:11.425Z] ----------------------------------------------------------------------
[debug] [2020-10-18T00:18:11.426Z] Command:       /Users/yokoyamakenta/.nodebrew/node/v10.16.1/bin/node /Users/yokoyamakenta/.nodebrew/current/bin/firebase deploy --only functions:talks-sendPushMessage
[debug] [2020-10-18T00:18:11.426Z] CLI Version:   8.6.0
[debug] [2020-10-18T00:18:11.427Z] Platform:      darwin
[debug] [2020-10-18T00:18:11.427Z] Node Version:  v10.16.1
[debug] [2020-10-18T00:18:11.427Z] Time:          Sun Oct 18 2020 09:18:11 GMT+0900 (GMT+09:00)
[debug] [2020-10-18T00:18:11.427Z] ----------------------------------------------------------------------
[debug] [2020-10-18T00:18:11.427Z] 
[debug] [2020-10-18T00:18:11.435Z] > command requires scopes: ["email","openid","https://www.googleapis.com/auth/cloudplatformprojects.readonly","https://www.googleapis.com/auth/firebase","https://www.googleapis.com/auth/cloud-platform"]
[debug] [2020-10-18T00:18:11.435Z] > authorizing via signed-in user
[debug] [2020-10-18T00:18:11.435Z] [iam] checking project choco-mart for permissions ["cloudfunctions.functions.create","cloudfunctions.functions.delete","cloudfunctions.functions.get","cloudfunctions.functions.list","cloudfunctions.functions.update","cloudfunctions.operations.get","firebase.projects.get"]
[debug] [2020-10-18T00:18:11.438Z] >>> HTTP REQUEST POST https://cloudresourcemanager.googleapis.com/v1/projects/choco-mart:testIamPermissions  
 {"permissions":["cloudfunctions.functions.create","cloudfunctions.functions.delete","cloudfunctions.functions.get","cloudfunctions.functions.list","cloudfunctions.functions.update","cloudfunctions.operations.get","firebase.projects.get"]}
[debug] [2020-10-18T00:18:12.247Z] <<< HTTP RESPONSE 200 {"content-type":"application/json; charset=UTF-8","vary":"X-Origin, Referer, Origin,Accept-Encoding","date":"Sun, 18 Oct 2020 00:18:12 GMT","server":"ESF","cache-control":"private","x-xss-protection":"0","x-frame-options":"SAMEORIGIN","x-content-type-options":"nosniff","server-timing":"gfet4t7; dur=628","alt-svc":"h3-Q050=\":443\"; ma=2592000,h3-29=\":443\"; ma=2592000,h3-27=\":443\"; ma=2592000,h3-T051=\":443\"; ma=2592000,h3-T050=\":443\"; ma=2592000,h3-Q046=\":443\"; ma=2592000,h3-Q043=\":443\"; ma=2592000,quic=\":443\"; ma=2592000; v=\"46,43\"","accept-ranges":"none","transfer-encoding":"chunked"}
[debug] [2020-10-18T00:18:12.249Z] >>> HTTP REQUEST POST https://iam.googleapis.com/v1/projects/choco-mart/serviceAccounts/choco-mart@appspot.gserviceaccount.com:testIamPermissions  
 {"permissions":["iam.serviceAccounts.actAs"]}
[debug] [2020-10-18T00:18:13.265Z] <<< HTTP RESPONSE 200 {"content-type":"application/json; charset=UTF-8","vary":"X-Origin, Referer, Origin,Accept-Encoding","date":"Sun, 18 Oct 2020 00:18:13 GMT","server":"ESF","cache-control":"private","x-xss-protection":"0","x-frame-options":"SAMEORIGIN","x-content-type-options":"nosniff","alt-svc":"h3-Q050=\":443\"; ma=2592000,h3-29=\":443\"; ma=2592000,h3-27=\":443\"; ma=2592000,h3-T051=\":443\"; ma=2592000,h3-T050=\":443\"; ma=2592000,h3-Q046=\":443\"; ma=2592000,h3-Q043=\":443\"; ma=2592000,quic=\":443\"; ma=2592000; v=\"46,43\"","accept-ranges":"none","transfer-encoding":"chunked"}
[info] 
[info] === Deploying to 'choco-mart'...
[info] 
[info] i  deploying functions 
[info] Running command: npm --prefix "$RESOURCE_DIR" run lint
[info] ✔  functions: Finished running predeploy script. 
[debug] [2020-10-18T00:18:16.152Z] > [functions] package.json contents: {
  "name": "functions",
  "description": "Cloud Functions for Firebase",
  "scripts": {
    "lint": "eslint .",
    "serve": "firebase emulators:start --only functions",
    "shell": "firebase functions:shell",
    "start": "npm run shell",
    "deploy": "firebase deploy --only functions",
    "logs": "firebase functions:log"
  },
  "engines": {
    "node": "10"
  },
  "dependencies": {
    "firebase-admin": "^8.10.0",
    "firebase-functions": "^3.6.1"
  },
  "devDependencies": {
    "eslint": "^5.12.0",
    "eslint-plugin-promise": "^4.0.1",
    "firebase-functions-test": "^0.2.0"
  },
  "private": true
}
[info] i  functions: ensuring required API cloudfunctions.googleapis.com is enabled... 
[info] i  functions: ensuring required API cloudbuild.googleapis.com is enabled... 
[debug] [2020-10-18T00:18:17.404Z] >>> HTTP REQUEST GET https://serviceusage.googleapis.com/v1/projects/choco-mart/services/cloudfunctions.googleapis.com  
 
[debug] [2020-10-18T00:18:17.404Z] >>> HTTP REQUEST GET https://serviceusage.googleapis.com/v1/projects/choco-mart/services/runtimeconfig.googleapis.com  
 
[debug] [2020-10-18T00:18:17.404Z] >>> HTTP REQUEST GET https://serviceusage.googleapis.com/v1/projects/choco-mart/services/cloudbuild.googleapis.com  
 
[debug] [2020-10-18T00:18:18.388Z] <<< HTTP RESPONSE 200 {"content-type":"application/json; charset=UTF-8","vary":"X-Origin, Referer, Origin,Accept-Encoding","date":"Sun, 18 Oct 2020 00:18:18 GMT","server":"ESF","cache-control":"private","x-xss-protection":"0","x-frame-options":"SAMEORIGIN","x-content-type-options":"nosniff","alt-svc":"h3-Q050=\":443\"; ma=2592000,h3-29=\":443\"; ma=2592000,h3-27=\":443\"; ma=2592000,h3-T051=\":443\"; ma=2592000,h3-T050=\":443\"; ma=2592000,h3-Q046=\":443\"; ma=2592000,h3-Q043=\":443\"; ma=2592000,quic=\":443\"; ma=2592000; v=\"46,43\"","accept-ranges":"none","transfer-encoding":"chunked"}
[debug] [2020-10-18T00:18:18.405Z] <<< HTTP RESPONSE 200 {"content-type":"application/json; charset=UTF-8","vary":"X-Origin, Referer, Origin,Accept-Encoding","date":"Sun, 18 Oct 2020 00:18:18 GMT","server":"ESF","cache-control":"private","x-xss-protection":"0","x-frame-options":"SAMEORIGIN","x-content-type-options":"nosniff","alt-svc":"h3-Q050=\":443\"; ma=2592000,h3-29=\":443\"; ma=2592000,h3-27=\":443\"; ma=2592000,h3-T051=\":443\"; ma=2592000,h3-T050=\":443\"; ma=2592000,h3-Q046=\":443\"; ma=2592000,h3-Q043=\":443\"; ma=2592000,quic=\":443\"; ma=2592000; v=\"46,43\"","accept-ranges":"none","transfer-encoding":"chunked"}
[info] ✔  functions: required API cloudbuild.googleapis.com is enabled 
[debug] [2020-10-18T00:18:18.414Z] <<< HTTP RESPONSE 200 {"content-type":"application/json; charset=UTF-8","vary":"X-Origin, Referer, Origin,Accept-Encoding","date":"Sun, 18 Oct 2020 00:18:18 GMT","server":"ESF","cache-control":"private","x-xss-protection":"0","x-frame-options":"SAMEORIGIN","x-content-type-options":"nosniff","alt-svc":"h3-Q050=\":443\"; ma=2592000,h3-29=\":443\"; ma=2592000,h3-27=\":443\"; ma=2592000,h3-T051=\":443\"; ma=2592000,h3-T050=\":443\"; ma=2592000,h3-Q046=\":443\"; ma=2592000,h3-Q043=\":443\"; ma=2592000,quic=\":443\"; ma=2592000; v=\"46,43\"","accept-ranges":"none","transfer-encoding":"chunked"}
[info] ✔  functions: required API cloudfunctions.googleapis.com is enabled 
[debug] [2020-10-18T00:18:18.415Z] >>> HTTP REQUEST GET https://firebase.googleapis.com/v1beta1/projects/choco-mart/adminSdkConfig  
 
[debug] [2020-10-18T00:18:19.337Z] <<< HTTP RESPONSE 200 {"content-type":"application/json; charset=UTF-8","vary":"X-Origin, Referer, Origin,Accept-Encoding","date":"Sun, 18 Oct 2020 00:18:19 GMT","server":"ESF","cache-control":"private","x-xss-protection":"0","x-frame-options":"SAMEORIGIN","x-content-type-options":"nosniff","alt-svc":"h3-Q050=\":443\"; ma=2592000,h3-29=\":443\"; ma=2592000,h3-27=\":443\"; ma=2592000,h3-T051=\":443\"; ma=2592000,h3-T050=\":443\"; ma=2592000,h3-Q046=\":443\"; ma=2592000,h3-Q043=\":443\"; ma=2592000,quic=\":443\"; ma=2592000; v=\"46,43\"","accept-ranges":"none","transfer-encoding":"chunked"}
[info] i  functions: preparing functions directory for uploading... 
[debug] [2020-10-18T00:18:19.339Z] >>> HTTP REQUEST GET https://runtimeconfig.googleapis.com/v1beta1/projects/choco-mart/configs  
 
[debug] [2020-10-18T00:18:21.092Z] <<< HTTP RESPONSE 200 {"content-type":"application/json; charset=UTF-8","vary":"X-Origin, Referer, Origin,Accept-Encoding","date":"Sun, 18 Oct 2020 00:18:20 GMT","server":"ESF","cache-control":"private","x-xss-protection":"0","x-frame-options":"SAMEORIGIN","x-content-type-options":"nosniff","alt-svc":"h3-Q050=\":443\"; ma=2592000,h3-29=\":443\"; ma=2592000,h3-27=\":443\"; ma=2592000,h3-T051=\":443\"; ma=2592000,h3-T050=\":443\"; ma=2592000,h3-Q046=\":443\"; ma=2592000,h3-Q043=\":443\"; ma=2592000,quic=\":443\"; ma=2592000; v=\"46,43\"","accept-ranges":"none","transfer-encoding":"chunked"}
[info] i  functions: packaged functions (65.13 KB) for uploading 
[debug] [2020-10-18T00:18:21.443Z] >>> HTTP REQUEST GET https://cloudfunctions.googleapis.com/v1/projects/choco-mart/locations/-/functions  
 
[debug] [2020-10-18T00:18:23.414Z] <<< HTTP RESPONSE 200 {"content-type":"application/json; charset=UTF-8","vary":"X-Origin, Referer, Origin,Accept-Encoding","date":"Sun, 18 Oct 2020 00:18:23 GMT","server":"ESF","cache-control":"private","x-xss-protection":"0","x-frame-options":"SAMEORIGIN","x-content-type-options":"nosniff","alt-svc":"h3-Q050=\":443\"; ma=2592000,h3-29=\":443\"; ma=2592000,h3-27=\":443\"; ma=2592000,h3-T051=\":443\"; ma=2592000,h3-T050=\":443\"; ma=2592000,h3-Q046=\":443\"; ma=2592000,h3-Q043=\":443\"; ma=2592000,quic=\":443\"; ma=2592000; v=\"46,43\"","accept-ranges":"none","transfer-encoding":"chunked"}
[debug] [2020-10-18T00:18:23.417Z] >>> HTTP REQUEST POST https://cloudfunctions.googleapis.com/v1/projects/choco-mart/locations/us-central1/functions:generateUploadUrl  
 
[debug] [2020-10-18T00:18:24.224Z] <<< HTTP RESPONSE 200 {"content-type":"application/json; charset=UTF-8","vary":"X-Origin, Referer, Origin,Accept-Encoding","date":"Sun, 18 Oct 2020 00:18:24 GMT","server":"ESF","cache-control":"private","x-xss-protection":"0","x-frame-options":"SAMEORIGIN","x-content-type-options":"nosniff","alt-svc":"h3-Q050=\":443\"; ma=2592000,h3-29=\":443\"; ma=2592000,h3-27=\":443\"; ma=2592000,h3-T051=\":443\"; ma=2592000,h3-T050=\":443\"; ma=2592000,h3-Q046=\":443\"; ma=2592000,h3-Q043=\":443\"; ma=2592000,quic=\":443\"; ma=2592000; v=\"46,43\"","accept-ranges":"none","transfer-encoding":"chunked"}
[debug] [2020-10-18T00:18:24.225Z] >>> HTTP REQUEST PUT https://storage.googleapis.com/gcf-upload-us-central1-2904c308-529e-4483-af90-51643ae45b6e/27c77d65-c233-415a-89a6-aba934f8970b.zip?GoogleAccessId=service-779047029524@gcf-admin-robot.iam.gserviceaccount.com&Expires=1602982103&Signature=KcA7Uh0SNl4EJnNc%2Bopx4IiyufsRRrmKjPwE%2BHvO3u7ZbYZG9HUGMAGBBNRF6nqNMfhJ8JqouK%2FhSz2TF0fTDXPGqmmvph9CBDPKsR8bmmLBmuH0urAwMXMBRMV%2FOAt7x%2BwO8XxfZFjRdZxN34Ib1s9oppUcYAfyCvZ7d3cY9e0KSA1DMyWVptUFXbK8NZPmRCR5R%2FXZDHYGkaaC1pyKWRfapCvUOpfgvdXfnhQsYZ8YoYdeVHYZNeh0VPZ7%2F3%2FxvBTpoOvyIGitCtzapiNe94Lmp0l2T8FfmpYqVHKXxOteF65pLzjw7orwlpumL%2Fci9gVqR1TMrGFLGlGNw7Isyg%3D%3D  
 <request body omitted>
[debug] [2020-10-18T00:18:24.840Z] <<< HTTP RESPONSE 200 {"x-guploader-uploadid":"ABg5-UxBUD_WXqxIN_HX912u5TL1bI8uC49f4X7AFY_rycObBOWhogzER_CS4ZU6zMrbQcrn3rZBq0b8PFwXxTUPjLk","etag":"\"dd00583d7185cc91b40110e9163999fc\"","x-goog-generation":"1602980304728930","x-goog-metageneration":"1","x-goog-hash":"crc32c=eeVhdw==, md5=3QBYPXGFzJG0ARDpFjmZ/A==","x-goog-stored-content-length":"66698","x-goog-stored-content-encoding":"identity","vary":"Origin","content-length":"0","date":"Sun, 18 Oct 2020 00:18:24 GMT","server":"UploadServer","content-type":"text/html; charset=UTF-8","alt-svc":"h3-Q050=\":443\"; ma=2592000,h3-29=\":443\"; ma=2592000,h3-27=\":443\"; ma=2592000,h3-T051=\":443\"; ma=2592000,h3-T050=\":443\"; ma=2592000,h3-Q046=\":443\"; ma=2592000,h3-Q043=\":443\"; ma=2592000,quic=\":443\"; ma=2592000; v=\"46,43\""}
[info] ✔  functions: functions folder uploaded successfully 
[debug] [2020-10-18T00:18:24.842Z] > [functions] filtering triggers to: [
  "projects/choco-mart/locations/asia-northeast1/functions/talks-sendPushMessage"
]
[info] i  functions: current functions in project: lists-onCreate(asia-northeast1), lists-sendPushMessage(asia-northeast1), talks-onCreate(asia-northeast1), talks-sendPushMessage(asia-northeast1), users-onCreate(asia-northeast1) 
[info] i  functions: uploading functions in project: talks-sendPushMessage(asia-northeast1) 
[info] i  functions: updating Node.js 10 function talks-sendPushMessage(asia-northeast1)... 
[debug] [2020-10-18T00:18:24.848Z] Trigger is:  {"eventTrigger":{"resource":"projects/choco-mart/databases/(default)/documents/talks/{itemId}","eventType":"providers/cloud.firestore/eventTypes/document.write","service":"firestore.googleapis.com"}}
[debug] [2020-10-18T00:18:24.850Z] >>> HTTP REQUEST PATCH https://cloudfunctions.googleapis.com/v1/projects/choco-mart/locations/asia-northeast1/functions/talks-sendPushMessage {"updateMask":"sourceUploadUrl,name,labels,runtime,environmentVariables,eventTrigger.resource,eventTrigger.eventType,eventTrigger.service"} 
 {"sourceUploadUrl":"https://storage.googleapis.com/gcf-upload-us-central1-2904c308-529e-4483-af90-51643ae45b6e/27c77d65-c233-415a-89a6-aba934f8970b.zip?GoogleAccessId=service-779047029524@gcf-admin-robot.iam.gserviceaccount.com&Expires=1602982103&Signature=KcA7Uh0SNl4EJnNc%2Bopx4IiyufsRRrmKjPwE%2BHvO3u7ZbYZG9HUGMAGBBNRF6nqNMfhJ8JqouK%2FhSz2TF0fTDXPGqmmvph9CBDPKsR8bmmLBmuH0urAwMXMBRMV%2FOAt7x%2BwO8XxfZFjRdZxN34Ib1s9oppUcYAfyCvZ7d3cY9e0KSA1DMyWVptUFXbK8NZPmRCR5R%2FXZDHYGkaaC1pyKWRfapCvUOpfgvdXfnhQsYZ8YoYdeVHYZNeh0VPZ7%2F3%2FxvBTpoOvyIGitCtzapiNe94Lmp0l2T8FfmpYqVHKXxOteF65pLzjw7orwlpumL%2Fci9gVqR1TMrGFLGlGNw7Isyg%3D%3D","name":"projects/choco-mart/locations/asia-northeast1/functions/talks-sendPushMessage","labels":{"deployment-tool":"cli-firebase"},"eventTrigger":{"resource":"projects/choco-mart/databases/(default)/documents/talks/{itemId}","eventType":"providers/cloud.firestore/eventTypes/document.write","service":"firestore.googleapis.com"},"runtime":"nodejs10","environmentVariables":{"FIREBASE_CONFIG":"{\"projectId\":\"choco-mart\",\"databaseURL\":\"https://choco-mart.firebaseio.com\",\"storageBucket\":\"choco-mart.appspot.com\",\"locationId\":\"asia-east2\"}"}}
[debug] [2020-10-18T00:18:25.554Z] <<< HTTP RESPONSE 200 {"content-type":"application/json; charset=UTF-8","vary":"X-Origin, Referer, Origin,Accept-Encoding","date":"Sun, 18 Oct 2020 00:18:25 GMT","server":"ESF","cache-control":"private","x-xss-protection":"0","x-frame-options":"SAMEORIGIN","x-content-type-options":"nosniff","alt-svc":"h3-Q050=\":443\"; ma=2592000,h3-29=\":443\"; ma=2592000,h3-27=\":443\"; ma=2592000,h3-T051=\":443\"; ma=2592000,h3-T050=\":443\"; ma=2592000,h3-Q046=\":443\"; ma=2592000,h3-Q043=\":443\"; ma=2592000,quic=\":443\"; ma=2592000; v=\"46,43\"","accept-ranges":"none","transfer-encoding":"chunked"}
[debug] [2020-10-18T00:18:25.555Z] >>> HTTP REQUEST GET https://cloudfunctions.googleapis.com/v1/operations/Y2hvY28tbWFydC9hc2lhLW5vcnRoZWFzdDEvdGFsa3Mtc2VuZFB1c2hNZXNzYWdlL0dPSVk1OW1tS0pB  
 
[debug] [2020-10-18T00:18:25.769Z] <<< HTTP RESPONSE 200 {"content-type":"application/json; charset=UTF-8","vary":"X-Origin, Referer, Origin,Accept-Encoding","date":"Sun, 18 Oct 2020 00:18:25 GMT","server":"ESF","cache-control":"private","x-xss-protection":"0","x-frame-options":"SAMEORIGIN","x-content-type-options":"nosniff","alt-svc":"h3-Q050=\":443\"; ma=2592000,h3-29=\":443\"; ma=2592000,h3-27=\":443\"; ma=2592000,h3-T051=\":443\"; ma=2592000,h3-T050=\":443\"; ma=2592000,h3-Q046=\":443\"; ma=2592000,h3-Q043=\":443\"; ma=2592000,quic=\":443\"; ma=2592000; v=\"46,43\"","accept-ranges":"none","transfer-encoding":"chunked"}
[debug] [2020-10-18T00:18:27.773Z] >>> HTTP REQUEST GET https://cloudfunctions.googleapis.com/v1/operations/Y2hvY28tbWFydC9hc2lhLW5vcnRoZWFzdDEvdGFsa3Mtc2VuZFB1c2hNZXNzYWdlL0dPSVk1OW1tS0pB  
 
[debug] [2020-10-18T00:18:27.991Z] <<< HTTP RESPONSE 200 {"content-type":"application/json; charset=UTF-8","vary":"X-Origin, Referer, Origin,Accept-Encoding","date":"Sun, 18 Oct 2020 00:18:27 GMT","server":"ESF","cache-control":"private","x-xss-protection":"0","x-frame-options":"SAMEORIGIN","x-content-type-options":"nosniff","alt-svc":"h3-Q050=\":443\"; ma=2592000,h3-29=\":443\"; ma=2592000,h3-27=\":443\"; ma=2592000,h3-T051=\":443\"; ma=2592000,h3-T050=\":443\"; ma=2592000,h3-Q046=\":443\"; ma=2592000,h3-Q043=\":443\"; ma=2592000,quic=\":443\"; ma=2592000; v=\"46,43\"","accept-ranges":"none","transfer-encoding":"chunked"}
[debug] [2020-10-18T00:18:29.996Z] >>> HTTP REQUEST GET https://cloudfunctions.googleapis.com/v1/operations/Y2hvY28tbWFydC9hc2lhLW5vcnRoZWFzdDEvdGFsa3Mtc2VuZFB1c2hNZXNzYWdlL0dPSVk1OW1tS0pB  
 
[debug] [2020-10-18T00:18:30.223Z] <<< HTTP RESPONSE 200 {"content-type":"application/json; charset=UTF-8","vary":"X-Origin, Referer, Origin,Accept-Encoding","date":"Sun, 18 Oct 2020 00:18:30 GMT","server":"ESF","cache-control":"private","x-xss-protection":"0","x-frame-options":"SAMEORIGIN","x-content-type-options":"nosniff","alt-svc":"h3-Q050=\":443\"; ma=2592000,h3-29=\":443\"; ma=2592000,h3-27=\":443\"; ma=2592000,h3-T051=\":443\"; ma=2592000,h3-T050=\":443\"; ma=2592000,h3-Q046=\":443\"; ma=2592000,h3-Q043=\":443\"; ma=2592000,quic=\":443\"; ma=2592000; v=\"46,43\"","accept-ranges":"none","transfer-encoding":"chunked"}
[debug] [2020-10-18T00:18:32.225Z] >>> HTTP REQUEST GET https://cloudfunctions.googleapis.com/v1/operations/Y2hvY28tbWFydC9hc2lhLW5vcnRoZWFzdDEvdGFsa3Mtc2VuZFB1c2hNZXNzYWdlL0dPSVk1OW1tS0pB  
 
[debug] [2020-10-18T00:18:32.448Z] <<< HTTP RESPONSE 200 {"content-type":"application/json; charset=UTF-8","vary":"X-Origin, Referer, Origin,Accept-Encoding","date":"Sun, 18 Oct 2020 00:18:32 GMT","server":"ESF","cache-control":"private","x-xss-protection":"0","x-frame-options":"SAMEORIGIN","x-content-type-options":"nosniff","alt-svc":"h3-Q050=\":443\"; ma=2592000,h3-29=\":443\"; ma=2592000,h3-27=\":443\"; ma=2592000,h3-T051=\":443\"; ma=2592000,h3-T050=\":443\"; ma=2592000,h3-Q046=\":443\"; ma=2592000,h3-Q043=\":443\"; ma=2592000,quic=\":443\"; ma=2592000; v=\"46,43\"","accept-ranges":"none","transfer-encoding":"chunked"}
[debug] [2020-10-18T00:18:34.449Z] >>> HTTP REQUEST GET https://cloudfunctions.googleapis.com/v1/operations/Y2hvY28tbWFydC9hc2lhLW5vcnRoZWFzdDEvdGFsa3Mtc2VuZFB1c2hNZXNzYWdlL0dPSVk1OW1tS0pB  
 
[debug] [2020-10-18T00:18:34.670Z] <<< HTTP RESPONSE 200 {"content-type":"application/json; charset=UTF-8","vary":"X-Origin, Referer, Origin,Accept-Encoding","date":"Sun, 18 Oct 2020 00:18:34 GMT","server":"ESF","cache-control":"private","x-xss-protection":"0","x-frame-options":"SAMEORIGIN","x-content-type-options":"nosniff","alt-svc":"h3-Q050=\":443\"; ma=2592000,h3-29=\":443\"; ma=2592000,h3-27=\":443\"; ma=2592000,h3-T051=\":443\"; ma=2592000,h3-T050=\":443\"; ma=2592000,h3-Q046=\":443\"; ma=2592000,h3-Q043=\":443\"; ma=2592000,quic=\":443\"; ma=2592000; v=\"46,43\"","accept-ranges":"none","transfer-encoding":"chunked"}
[debug] [2020-10-18T00:18:36.671Z] >>> HTTP REQUEST GET https://cloudfunctions.googleapis.com/v1/operations/Y2hvY28tbWFydC9hc2lhLW5vcnRoZWFzdDEvdGFsa3Mtc2VuZFB1c2hNZXNzYWdlL0dPSVk1OW1tS0pB  
 
[debug] [2020-10-18T00:18:37.027Z] <<< HTTP RESPONSE 200 {"content-type":"application/json; charset=UTF-8","vary":"X-Origin, Referer, Origin,Accept-Encoding","date":"Sun, 18 Oct 2020 00:18:37 GMT","server":"ESF","cache-control":"private","x-xss-protection":"0","x-frame-options":"SAMEORIGIN","x-content-type-options":"nosniff","alt-svc":"h3-Q050=\":443\"; ma=2592000,h3-29=\":443\"; ma=2592000,h3-27=\":443\"; ma=2592000,h3-T051=\":443\"; ma=2592000,h3-T050=\":443\"; ma=2592000,h3-Q046=\":443\"; ma=2592000,h3-Q043=\":443\"; ma=2592000,quic=\":443\"; ma=2592000; v=\"46,43\"","accept-ranges":"none","transfer-encoding":"chunked"}
[debug] [2020-10-18T00:18:39.029Z] >>> HTTP REQUEST GET https://cloudfunctions.googleapis.com/v1/operations/Y2hvY28tbWFydC9hc2lhLW5vcnRoZWFzdDEvdGFsa3Mtc2VuZFB1c2hNZXNzYWdlL0dPSVk1OW1tS0pB  
 
[debug] [2020-10-18T00:18:39.265Z] <<< HTTP RESPONSE 200 {"content-type":"application/json; charset=UTF-8","vary":"X-Origin, Referer, Origin,Accept-Encoding","date":"Sun, 18 Oct 2020 00:18:39 GMT","server":"ESF","cache-control":"private","x-xss-protection":"0","x-frame-options":"SAMEORIGIN","x-content-type-options":"nosniff","alt-svc":"h3-Q050=\":443\"; ma=2592000,h3-29=\":443\"; ma=2592000,h3-27=\":443\"; ma=2592000,h3-T051=\":443\"; ma=2592000,h3-T050=\":443\"; ma=2592000,h3-Q046=\":443\"; ma=2592000,h3-Q043=\":443\"; ma=2592000,quic=\":443\"; ma=2592000; v=\"46,43\"","accept-ranges":"none","transfer-encoding":"chunked"}
[debug] [2020-10-18T00:18:41.266Z] >>> HTTP REQUEST GET https://cloudfunctions.googleapis.com/v1/operations/Y2hvY28tbWFydC9hc2lhLW5vcnRoZWFzdDEvdGFsa3Mtc2VuZFB1c2hNZXNzYWdlL0dPSVk1OW1tS0pB  
 
[debug] [2020-10-18T00:18:41.574Z] <<< HTTP RESPONSE 200 {"content-type":"application/json; charset=UTF-8","vary":"X-Origin, Referer, Origin,Accept-Encoding","date":"Sun, 18 Oct 2020 00:18:41 GMT","server":"ESF","cache-control":"private","x-xss-protection":"0","x-frame-options":"SAMEORIGIN","x-content-type-options":"nosniff","alt-svc":"h3-Q050=\":443\"; ma=2592000,h3-29=\":443\"; ma=2592000,h3-27=\":443\"; ma=2592000,h3-T051=\":443\"; ma=2592000,h3-T050=\":443\"; ma=2592000,h3-Q046=\":443\"; ma=2592000,h3-Q043=\":443\"; ma=2592000,quic=\":443\"; ma=2592000; v=\"46,43\"","accept-ranges":"none","transfer-encoding":"chunked"}
[debug] [2020-10-18T00:18:43.579Z] >>> HTTP REQUEST GET https://cloudfunctions.googleapis.com/v1/operations/Y2hvY28tbWFydC9hc2lhLW5vcnRoZWFzdDEvdGFsa3Mtc2VuZFB1c2hNZXNzYWdlL0dPSVk1OW1tS0pB  
 
[debug] [2020-10-18T00:18:43.795Z] <<< HTTP RESPONSE 200 {"content-type":"application/json; charset=UTF-8","vary":"X-Origin, Referer, Origin,Accept-Encoding","date":"Sun, 18 Oct 2020 00:18:43 GMT","server":"ESF","cache-control":"private","x-xss-protection":"0","x-frame-options":"SAMEORIGIN","x-content-type-options":"nosniff","alt-svc":"h3-Q050=\":443\"; ma=2592000,h3-29=\":443\"; ma=2592000,h3-27=\":443\"; ma=2592000,h3-T051=\":443\"; ma=2592000,h3-T050=\":443\"; ma=2592000,h3-Q046=\":443\"; ma=2592000,h3-Q043=\":443\"; ma=2592000,quic=\":443\"; ma=2592000; v=\"46,43\"","accept-ranges":"none","transfer-encoding":"chunked"}
[debug] [2020-10-18T00:18:45.799Z] >>> HTTP REQUEST GET https://cloudfunctions.googleapis.com/v1/operations/Y2hvY28tbWFydC9hc2lhLW5vcnRoZWFzdDEvdGFsa3Mtc2VuZFB1c2hNZXNzYWdlL0dPSVk1OW1tS0pB  
 
[debug] [2020-10-18T00:18:46.033Z] <<< HTTP RESPONSE 200 {"content-type":"application/json; charset=UTF-8","vary":"X-Origin, Referer, Origin,Accept-Encoding","date":"Sun, 18 Oct 2020 00:18:46 GMT","server":"ESF","cache-control":"private","x-xss-protection":"0","x-frame-options":"SAMEORIGIN","x-content-type-options":"nosniff","alt-svc":"h3-Q050=\":443\"; ma=2592000,h3-29=\":443\"; ma=2592000,h3-27=\":443\"; ma=2592000,h3-T051=\":443\"; ma=2592000,h3-T050=\":443\"; ma=2592000,h3-Q046=\":443\"; ma=2592000,h3-Q043=\":443\"; ma=2592000,quic=\":443\"; ma=2592000; v=\"46,43\"","accept-ranges":"none","transfer-encoding":"chunked"}
[debug] [2020-10-18T00:18:48.041Z] >>> HTTP REQUEST GET https://cloudfunctions.googleapis.com/v1/operations/Y2hvY28tbWFydC9hc2lhLW5vcnRoZWFzdDEvdGFsa3Mtc2VuZFB1c2hNZXNzYWdlL0dPSVk1OW1tS0pB  
 
[debug] [2020-10-18T00:18:48.272Z] <<< HTTP RESPONSE 200 {"content-type":"application/json; charset=UTF-8","vary":"X-Origin, Referer, Origin,Accept-Encoding","date":"Sun, 18 Oct 2020 00:18:48 GMT","server":"ESF","cache-control":"private","x-xss-protection":"0","x-frame-options":"SAMEORIGIN","x-content-type-options":"nosniff","alt-svc":"h3-Q050=\":443\"; ma=2592000,h3-29=\":443\"; ma=2592000,h3-27=\":443\"; ma=2592000,h3-T051=\":443\"; ma=2592000,h3-T050=\":443\"; ma=2592000,h3-Q046=\":443\"; ma=2592000,h3-Q043=\":443\"; ma=2592000,quic=\":443\"; ma=2592000; v=\"46,43\"","accept-ranges":"none","transfer-encoding":"chunked"}
[debug] [2020-10-18T00:18:50.275Z] >>> HTTP REQUEST GET https://cloudfunctions.googleapis.com/v1/operations/Y2hvY28tbWFydC9hc2lhLW5vcnRoZWFzdDEvdGFsa3Mtc2VuZFB1c2hNZXNzYWdlL0dPSVk1OW1tS0pB  
 
[debug] [2020-10-18T00:18:50.667Z] <<< HTTP RESPONSE 200 {"content-type":"application/json; charset=UTF-8","vary":"X-Origin, Referer, Origin,Accept-Encoding","date":"Sun, 18 Oct 2020 00:18:50 GMT","server":"ESF","cache-control":"private","x-xss-protection":"0","x-frame-options":"SAMEORIGIN","x-content-type-options":"nosniff","alt-svc":"h3-Q050=\":443\"; ma=2592000,h3-29=\":443\"; ma=2592000,h3-27=\":443\"; ma=2592000,h3-T051=\":443\"; ma=2592000,h3-T050=\":443\"; ma=2592000,h3-Q046=\":443\"; ma=2592000,h3-Q043=\":443\"; ma=2592000,quic=\":443\"; ma=2592000; v=\"46,43\"","accept-ranges":"none","transfer-encoding":"chunked"}
[debug] [2020-10-18T00:18:52.670Z] >>> HTTP REQUEST GET https://cloudfunctions.googleapis.com/v1/operations/Y2hvY28tbWFydC9hc2lhLW5vcnRoZWFzdDEvdGFsa3Mtc2VuZFB1c2hNZXNzYWdlL0dPSVk1OW1tS0pB  
 
[debug] [2020-10-18T00:18:53.140Z] <<< HTTP RESPONSE 200 {"content-type":"application/json; charset=UTF-8","vary":"X-Origin, Referer, Origin,Accept-Encoding","date":"Sun, 18 Oct 2020 00:18:53 GMT","server":"ESF","cache-control":"private","x-xss-protection":"0","x-frame-options":"SAMEORIGIN","x-content-type-options":"nosniff","alt-svc":"h3-Q050=\":443\"; ma=2592000,h3-29=\":443\"; ma=2592000,h3-27=\":443\"; ma=2592000,h3-T051=\":443\"; ma=2592000,h3-T050=\":443\"; ma=2592000,h3-Q046=\":443\"; ma=2592000,h3-Q043=\":443\"; ma=2592000,quic=\":443\"; ma=2592000; v=\"46,43\"","accept-ranges":"none","transfer-encoding":"chunked"}
[debug] [2020-10-18T00:18:55.143Z] >>> HTTP REQUEST GET https://cloudfunctions.googleapis.com/v1/operations/Y2hvY28tbWFydC9hc2lhLW5vcnRoZWFzdDEvdGFsa3Mtc2VuZFB1c2hNZXNzYWdlL0dPSVk1OW1tS0pB  
 
[debug] [2020-10-18T00:18:55.359Z] <<< HTTP RESPONSE 200 {"content-type":"application/json; charset=UTF-8","vary":"X-Origin, Referer, Origin,Accept-Encoding","date":"Sun, 18 Oct 2020 00:18:55 GMT","server":"ESF","cache-control":"private","x-xss-protection":"0","x-frame-options":"SAMEORIGIN","x-content-type-options":"nosniff","alt-svc":"h3-Q050=\":443\"; ma=2592000,h3-29=\":443\"; ma=2592000,h3-27=\":443\"; ma=2592000,h3-T051=\":443\"; ma=2592000,h3-T050=\":443\"; ma=2592000,h3-Q046=\":443\"; ma=2592000,h3-Q043=\":443\"; ma=2592000,quic=\":443\"; ma=2592000; v=\"46,43\"","accept-ranges":"none","transfer-encoding":"chunked"}
